<?xml version="1.0" encoding="UTF-8"?>
<Site BuildName="Win32-MSBuild"
	BuildStamp="20240207-1254-Experimental"
	Name="Barizon"
	Generator="ctest-3.25.3"
	CompilerName="C:/Program Files/Microsoft Visual Studio/2022/Community/VC/Tools/MSVC/14.36.32532/bin/Hostx64/x64/cl.exe"
	CompilerVersion="19.36.32532.0"
	OSName="Windows"
	Hostname="Barizon"
	OSRelease=" Professional"
	OSVersion=" (Build 22621)"
	OSPlatform="AMD64"
	Is64Bits="1"
	VendorString="GenuineIntel"
	VendorID="Intel Corporation"
	FamilyID="6"
	ModelID="14"
	ProcessorCacheSize="-1"
	NumberOfLogicalCPU="4"
	NumberOfPhysicalCPU="4"
	TotalVirtualMemory="17355"
	TotalPhysicalMemory="16331"
	LogicalProcessorsPerPhysical="1"
	ProcessorClockFrequency="3600"
	>
	<Testing>
		<StartDateTime>Feb 07 14:11 Hora oficial do Brasil</StartDateTime>
		<StartTestTime>1707325914</StartTestTime>
		<TestList/>
		<EndDateTime>Feb 07 14:11 Hora oficial do Brasil</EndDateTime>
		<EndTestTime>1707325914</EndTestTime>
		<ElapsedMinutes>0</ElapsedMinutes>
	</Testing>
</Site>
